2022.10.14 14:00:59 Runned as admin
2022.10.14 15:36:53 Runned as admin
2022/10/16 14:17:39 Finding modules ...
2022/10/16 14:17:42 Modules finded successfully.
2022/10/16 14:17:42 Installing pwsh ...
2022/10/16 14:17:42 GetFiles Error: The term 'Install-Powershell' is not recognized as the name of a cmdlet, function, script file, or operable program. Check the spelling of the name, or if a path was included, verify that the path is correct and try again.
2022/10/16 14:21:14 Finding modules ...
2022/10/16 14:21:19 Modules finded successfully.
2022/10/16 14:21:20 Installing pwsh ...
2022/10/16 14:21:32 Finding modules ...
2022/10/16 14:25:47 Finding modules ...
2022/10/16 14:26:02 Finding modules ...
2022/10/16 14:28:30 Finding modules ...
2022/10/16 14:29:07 Finding modules ...
2022/10/16 14:30:42 Finding modules ...
2022/10/16 14:30:43 GetFiles Error: Exception calling "Create" with "1" argument(s): "Object reference not set to an instance of an object."
2022/10/16 14:30:56 Finding modules ...
2022/10/16 14:31:21 Finding modules ...
2022/10/16 14:31:43 Finding modules ...
2022/10/16 14:32:36 Finding modules ...
2022/10/16 14:35:27 Finding modules ...
2022/10/16 15:09:26 GetFiles Error: Exception calling "Create" with "1" argument(s): "At line:1 char:37
+  function Global:Clear-MediaLibrary {     [CmdletBinding()]     param ...
+                                     ~
Missing closing '}' in statement block or type definition."
2022/10/16 15:09:44 Finding modules ...
2022/10/16 15:11:06 Finding modules ...
2022/10/16 15:11:53 Finding modules ...
2022/10/16 15:15:11 Finding modules ...
2022/10/16 15:15:19 Modules finded successfully.
2022/10/16 15:15:20 Installing pwsh ...
2022/10/16 15:16:09 Finding modules ...
2022/10/16 15:16:11 Modules finded successfully.
2022/10/16 15:16:11 Installing pwsh ...
2022/10/16 15:17:10 Installing far ...
2022/10/16 15:17:22 Installing ssh ...
2022/10/16 15:17:34 Config ssh ...
2022/10/22 10:15:46 Finding modules ...
2022/10/22 10:17:10 Finding modules ...
2022/10/22 10:18:00 Finding modules ...
2022.10.29 13:38:18 Finding modules ...
2022.10.29 13:38:31 Modules finded successfully.
2022.10.29 13:38:40 Installing pwsh ...
2022.10.29 13:55:46 Finding modules ...
2022.10.29 14:16:35 Finding modules ...
2022.10.29 14:17:11 Finding modules ...
2022.10.29 14:17:22 Modules finded successfully.
2022.10.29 14:17:33 Finding modules ...
2022.10.29 14:17:35 Modules finded successfully.
2022.10.29 14:17:38 Finding modules ...
2022.10.29 14:17:38 Modules finded successfully.
2022.10.29 14:17:38 Installing pwsh ...
2022.10.29 14:17:39 Installing far ...
2022.10.29 14:17:53 Finding modules ...
2022.10.29 14:17:55 Modules finded successfully.
2022.11.06 16:03:26 Finding modules ...
2022.11.06 16:03:32 Modules finded successfully.
2022.11.06 16:03:34 Installing pwsh ...
2022.11.06 16:03:55 Installing far ...
2022.11.06 16:06:40 Finding modules ...
2022.11.06 16:06:41 Modules finded successfully.
2022.11.06 16:06:41 Installing pwsh ...
2022.11.06 16:06:42 Installing far ...
2022.11.06 16:07:30 Finding modules ...
2022.11.06 16:07:31 Modules finded successfully.
2022.11.06 16:07:31 Installing pwsh ...
2022.11.06 16:07:33 Installing far ...
2022.11.06 16:08:42 Finding modules ...
2022.11.06 16:08:43 Modules finded successfully.
2022.11.06 16:08:43 Installing pwsh ...
2022.11.06 16:08:45 Installing far ...
2022.11.06 16:08:51 GetFiles Error: 'Revision' is a ReadOnly property.
2022.11.06 16:09:08 Finding modules ...
2022.11.06 16:09:09 Modules finded successfully.
2022.11.06 16:09:09 Installing pwsh ...
2022.11.06 16:09:11 Installing far ...
2022.11.06 16:11:28 Finding modules ...
2022.11.06 16:11:29 Modules finded successfully.
2022.11.06 16:11:29 Installing pwsh ...
2022.11.06 16:11:31 Installing far ...
